[06:16:49] [ServerMain/INFO]: [bootstrap] Running Java 21 (OpenJDK 64-Bit Server VM 21.0.9+10-Ubuntu-124.04; Ubuntu null) on Linux 6.8.0-1030-azure (amd64)
[06:16:49] [ServerMain/INFO]: [bootstrap] Loading Paper 1.21.10-117-ver/1.21.10@df4b668 (2025-11-30T22:37:28Z) for Minecraft 1.21.10
[06:16:50] [ServerMain/INFO]: [PluginInitializerManager] Initializing plugins...
[06:16:50] [ServerMain/INFO]: [PluginInitializerManager] Initialized 2 plugins
[06:16:50] [ServerMain/INFO]: [PluginInitializerManager] Bukkit plugins (2):
 - Geyser-Spigot (2.9.2-SNAPSHOT), SkinsRestorer (15.9.1)
[06:16:56] [ServerMain/INFO]: Environment: Environment[sessionHost=https://sessionserver.mojang.com, servicesHost=https://api.minecraftservices.com, profilesHost=https://api.mojang.com, name=PROD]
[06:16:58] [ServerMain/INFO]: Loaded 1461 recipes
[06:16:58] [ServerMain/INFO]: Loaded 1574 advancements
[06:16:58] [ServerMain/INFO]: [ca.spottedleaf.dataconverter.minecraft.datatypes.MCTypeRegistry] Initialising converters for DataConverter...
[06:16:59] [ServerMain/INFO]: [ca.spottedleaf.dataconverter.minecraft.datatypes.MCTypeRegistry] Finished initialising converters for DataConverter in 436.7ms
[06:16:59] [Server thread/INFO]: Starting minecraft server version 1.21.10
[06:16:59] [Server thread/INFO]: Loading properties
[06:16:59] [Server thread/INFO]: This server is running Paper version 1.21.10-117-ver/1.21.10@df4b668 (2025-11-30T22:37:28Z) (Implementing API version 1.21.10-R0.1-SNAPSHOT)
[06:16:59] [Server thread/INFO]: [spark] This server bundles the spark profiler. For more information please visit https://docs.papermc.io/paper/profiling
[06:16:59] [Server thread/INFO]: Server Ping Player Sample Count: 12
[06:16:59] [Server thread/INFO]: Using 4 threads for Netty based IO
[06:17:00] [Server thread/INFO]: [MoonriseCommon] Paper is using 1 worker threads, 1 I/O threads
[06:17:00] [Server thread/INFO]: Default game type: SURVIVAL
[06:17:00] [Server thread/INFO]: Generating keypair
[06:17:00] [Server thread/INFO]: Starting Minecraft server on *:25565
[06:17:00] [Server thread/INFO]: Using epoll channel type
[06:17:00] [Server thread/INFO]: Paper: Using libdeflate (Linux x86_64) compression from Velocity.
[06:17:00] [Server thread/INFO]: Paper: Using OpenSSL 3.x.x (Linux x86_64) cipher from Velocity.
[06:17:01] [Server thread/INFO]: [SkinsRestorer] Loading server plugin SkinsRestorer v15.9.1
[06:17:01] [Server thread/INFO]: [Geyser-Spigot] Loading server plugin Geyser-Spigot v2.9.2-SNAPSHOT
[06:17:01] [Server thread/INFO]: [Geyser-Spigot] Loading extensions...
[06:17:01] [Server thread/INFO]: [Geyser-Spigot] Loaded 0 extension(s)
[06:17:01] [Server thread/INFO]: Server permissions file permissions.yml is empty, ignoring it
[06:17:01] [Server thread/INFO]: [SkinsRestorer] Enabling SkinsRestorer v15.9.1
[06:17:02] [Server thread/INFO]: [SkinsRestorer] Running on Minecraft 1.21.10.
[06:17:02] [Server thread/INFO]: [SkinsRestorer] Using paper join listener!
[06:17:02] [Server thread/WARN]: **** SERVER IS RUNNING IN OFFLINE/INSECURE MODE!
[06:17:02] [Server thread/WARN]: The server will make no attempt to authenticate usernames. Beware.
[06:17:02] [Server thread/WARN]: While this makes the game possible to play without internet access, it also opens up the ability for hackers to connect with any username they choose.
[06:17:02] [Server thread/WARN]: To change this, set "online-mode" to "true" in the server.properties file.
[06:17:02] [Server thread/INFO]: Preparing level "world"
[06:17:02] [Folia Async Scheduler Thread #1/INFO]: [SkinsRestorer] ----------------------------------------------
[06:17:02] [Folia Async Scheduler Thread #1/INFO]: [SkinsRestorer]     +==================+
[06:17:02] [Folia Async Scheduler Thread #1/INFO]: [SkinsRestorer]     |   SkinsRestorer  |
[06:17:02] [Folia Async Scheduler Thread #1/INFO]: [SkinsRestorer]     |------------------|
[06:17:02] [Folia Async Scheduler Thread #1/INFO]: [SkinsRestorer]     |  Standalone Mode |
[06:17:02] [Folia Async Scheduler Thread #1/INFO]: [SkinsRestorer]     +==================+
[06:17:02] [Folia Async Scheduler Thread #1/INFO]: [SkinsRestorer] ----------------------------------------------
[06:17:02] [Folia Async Scheduler Thread #1/INFO]: [SkinsRestorer]     Version: 15.9.1
[06:17:02] [Folia Async Scheduler Thread #1/INFO]: [SkinsRestorer]     Commit: ee713cb
[06:17:02] [Folia Async Scheduler Thread #1/INFO]: [SkinsRestorer]     This is the latest version!
[06:17:02] [Folia Async Scheduler Thread #1/INFO]: [SkinsRestorer] ----------------------------------------------
[06:17:02] [Folia Async Scheduler Thread #1/INFO]: [SkinsRestorer] Do you have issues? Read our troubleshooting guide: https://skinsrestorer.net/docs/troubleshooting
[06:17:02] [Folia Async Scheduler Thread #1/INFO]: [SkinsRestorer] Want to support SkinsRestorer? Consider donating: https://skinsrestorer.net/donate
[06:17:03] [Server thread/INFO]: Loading 0 persistent chunks for world 'minecraft:overworld'...
[06:17:03] [Server thread/INFO]: Preparing spawn area: 100%
[06:17:03] [Server thread/INFO]: Prepared spawn area in 1 ms
[06:17:03] [Server thread/INFO]: Loading 0 persistent chunks for world 'minecraft:the_nether'...
[06:17:03] [Server thread/INFO]: Prepared spawn area in 2 ms
[06:17:03] [Server thread/INFO]: Loading 0 persistent chunks for world 'minecraft:the_end'...
[06:17:03] [Server thread/INFO]: Prepared spawn area in 0 ms
[06:17:03] [Server thread/INFO]: Done preparing level "world" (0.535s)
[06:17:03] [Server thread/INFO]: [Geyser-Spigot] Enabling Geyser-Spigot v2.9.2-SNAPSHOT
[06:17:04] [Server thread/INFO]: [spark] Starting background profiler...
[06:17:05] [Server thread/INFO]: [Geyser-Spigot] ******************************************
[06:17:05] [Server thread/INFO]: [Geyser-Spigot] 
[06:17:05] [Server thread/INFO]: [Geyser-Spigot] Loading Geyser version 2.9.2-b1013 (git-master-da910df)
[06:17:05] [Server thread/INFO]: [Geyser-Spigot] 
[06:17:05] [Server thread/INFO]: [Geyser-Spigot] ******************************************
[06:17:09] [GeyserServer-3-1/INFO]: [Geyser-Spigot] Started Geyser on UDP port 19132
[06:17:09] [Server thread/INFO]: [Geyser-Spigot] Done (3.867s)! Run /geyser help for help!
[06:17:09] [Server thread/WARN]: [Geyser-Spigot] Your server software does not support the Java version that Geyser requires (1.21.11). Please install ViaVersion (https://ci.viaversion.com/job/ViaVersion/) or update your server software!
[06:17:09] [Server thread/INFO]: Running delayed init tasks
[06:17:09] [Server thread/INFO]: Done (20.183s)! For help, type "help"
[06:17:42] [User Authenticator #0/INFO]: UUID of player Neo_profeci is a143b7f1-e154-3751-9325-6f89ab059d43
[06:17:45] [Server thread/INFO]: [ADMIN] Neo_profeci joined the game
[06:17:45] [Server thread/INFO]: Neo_profeci[/127.5.125.9:35035] logged in with entity id 167 at ([world]60.175937018825515, 67.70361980015615, 98.51580798875915)
[06:18:01] [Server thread/INFO]: Neo_profeci lost connection: Disconnected
[06:18:01] [Server thread/INFO]: [ADMIN] Neo_profeci left the game
[06:18:06] [User Authenticator #0/INFO]: UUID of player Neo_profeci is a143b7f1-e154-3751-9325-6f89ab059d43
[06:18:06] [Server thread/INFO]: [ADMIN] Neo_profeci joined the game
[06:18:06] [Server thread/INFO]: Neo_profeci[/127.5.125.9:33697] logged in with entity id 450 at ([world]58.15662987870006, 63.125, 73.54162975628272)
[06:19:23] [Server thread/INFO]: Neo_profeci lost connection: Disconnected
[06:19:23] [Server thread/INFO]: [ADMIN] Neo_profeci left the game
[06:20:46] [Server thread/INFO]: Stopping the server
[06:20:46] [Server thread/INFO]: Stopping server
[06:20:46] [Server thread/INFO]: [Geyser-Spigot] Disabling Geyser-Spigot v2.9.2-SNAPSHOT
[06:20:46] [Server thread/INFO]: [Geyser-Spigot] Shutting down Geyser.
[06:20:47] [Server thread/INFO]: [Geyser-Spigot] Geyser shutdown successfully.
[06:20:47] [Server thread/INFO]: [SkinsRestorer] Disabling SkinsRestorer v15.9.1
[06:20:47] [Server thread/INFO]: Saving players
[06:20:47] [Server thread/INFO]: Saving worlds
[06:20:47] [Server thread/INFO]: Saving chunks for level 'ServerLevel[world]'/minecraft:overworld
[06:20:47] [Server thread/INFO]: [ChunkHolderManager] Waiting 60s for chunk system to halt for world 'world'
[06:20:47] [Server thread/INFO]: [ChunkHolderManager] Halted chunk system for world 'world'
[06:20:47] [Server thread/INFO]: [ChunkHolderManager] Saving all chunkholders for world 'world'
[06:20:47] [Server thread/INFO]: [ChunkHolderManager] Saved 0 block chunks, 0 entity chunks, 0 poi chunks in world 'world' in 0.00s
[06:20:47] [Server thread/INFO]: [ChunkHolderManager] Waiting 60s for chunk I/O to halt for world 'world'
[06:20:47] [Server thread/INFO]: [ChunkHolderManager] Halted I/O scheduler for world 'world'
[06:20:47] [Server thread/INFO]: Saving chunks for level 'ServerLevel[world_nether]'/minecraft:the_nether
[06:20:47] [Server thread/INFO]: [ChunkHolderManager] Waiting 60s for chunk system to halt for world 'world_nether'
[06:20:47] [Server thread/INFO]: [ChunkHolderManager] Halted chunk system for world 'world_nether'
[06:20:47] [Server thread/INFO]: [ChunkHolderManager] Saving all chunkholders for world 'world_nether'
[06:20:47] [Server thread/INFO]: [ChunkHolderManager] Saved 0 block chunks, 0 entity chunks, 0 poi chunks in world 'world_nether' in 0.00s
[06:20:47] [Server thread/INFO]: [ChunkHolderManager] Waiting 60s for chunk I/O to halt for world 'world_nether'
[06:20:47] [Server thread/INFO]: [ChunkHolderManager] Halted I/O scheduler for world 'world_nether'
[06:20:47] [Server thread/INFO]: Saving chunks for level 'ServerLevel[world_the_end]'/minecraft:the_end
[06:20:47] [Server thread/INFO]: [ChunkHolderManager] Waiting 60s for chunk system to halt for world 'world_the_end'
[06:20:47] [Server thread/INFO]: [ChunkHolderManager] Halted chunk system for world 'world_the_end'
[06:20:47] [Server thread/INFO]: [ChunkHolderManager] Saving all chunkholders for world 'world_the_end'
[06:20:47] [Server thread/INFO]: [ChunkHolderManager] Saved 0 block chunks, 0 entity chunks, 0 poi chunks in world 'world_the_end' in 0.00s
[06:20:47] [Server thread/INFO]: [ChunkHolderManager] Waiting 60s for chunk I/O to halt for world 'world_the_end'
[06:20:47] [Server thread/INFO]: [ChunkHolderManager] Halted I/O scheduler for world 'world_the_end'
[06:20:47] [Server thread/INFO]: ThreadedAnvilChunkStorage (world): All chunks are saved
[06:20:47] [Server thread/INFO]: ThreadedAnvilChunkStorage (DIM-1): All chunks are saved
[06:20:47] [Server thread/INFO]: ThreadedAnvilChunkStorage (DIM1): All chunks are saved
[06:20:47] [Server thread/INFO]: ThreadedAnvilChunkStorage: All dimensions are saved
[06:20:47] [Server thread/INFO]: Waiting for all RegionFile I/O tasks to complete...
[06:20:47] [Server thread/INFO]: All RegionFile I/O tasks to complete
[06:20:47] [Server thread/INFO]: [MoonriseCommon] Awaiting termination of worker pool for up to 60s...
[06:20:47] [Server thread/INFO]: [MoonriseCommon] Awaiting termination of I/O pool for up to 60s...
